Assembler report for Counter_8bit
Wed Jan 18 14:16:10 2023
Quartus II 64-Bit Version 14.1.0 Build 186 12/03/2014 SJ Web Edition


---------------------
; Table of Contents ;
---------------------
  1. Legal Notice
  2. Assembler Summary
  3. Assembler Settings
  4. Assembler Generated Files
  5. Assembler Device Options: C:/Users/Anjana/Desktop/Counter with 8bit DRAM/output_files/Counter_8bit.sof
  6. Assembler Messages



----------------
; Legal Notice ;
----------------
Copyright (C) 1991-2014 Altera Corporation. All rights reserved.
Your use of Altera Corporation's design tools, logic functions 
and other software and tools, and its AMPP partner logic 
functions, and any output files from any of the foregoing 
(including device programming or simulation files), and any 
associated documentation or information are expressly subject 
to the terms and conditions of the Altera Program License 
Subscription Agreement, the Altera Quartus II License Agreement,
the Altera MegaCore Function License Agreement, or other 
applicable license agreement, including, without limitation, 
that your use is for the sole purpose of programming logic 
devices manufactured by Altera and sold by Altera or its 
authorized distributors.  Please refer to the applicable 
agreement for further details.



+---------------------------------------------------------------+
; Assembler Summary                                             ;
+-----------------------+---------------------------------------+
; Assembler Status      ; Successful - Wed Jan 18 14:16:10 2023 ;
; Revision Name         ; Counter_8bit                          ;
; Top-level Entity Name ; Top_Level                             ;
; Family                ; Cyclone IV E                          ;
; Device                ; EP4CE115F29C7                         ;
+-----------------------+---------------------------------------+


+----------------------------------+
; Assembler Settings               ;
+--------+---------+---------------+
; Option ; Setting ; Default Value ;
+--------+---------+---------------+


+------------------------------------------------------------------------------+
; Assembler Generated Files                                                    ;
+------------------------------------------------------------------------------+
; File Name                                                                    ;
+------------------------------------------------------------------------------+
; C:/Users/Anjana/Desktop/Counter with 8bit DRAM/output_files/Counter_8bit.sof ;
+------------------------------------------------------------------------------+


+--------------------------------------------------------------------------------------------------------+
; Assembler Device Options: C:/Users/Anjana/Desktop/Counter with 8bit DRAM/output_files/Counter_8bit.sof ;
+----------------+---------------------------------------------------------------------------------------+
; Option         ; Setting                                                                               ;
+----------------+---------------------------------------------------------------------------------------+
; Device         ; EP4CE115F29C7                                                                         ;
; JTAG usercode  ; 0x005AA8BF                                                                            ;
; Checksum       ; 0x005AA8BF                                                                            ;
+----------------+---------------------------------------------------------------------------------------+


+--------------------+
; Assembler Messages ;
+--------------------+
Info: *******************************************************************
Info: Running Quartus II 64-Bit Assembler
    Info: Version 14.1.0 Build 186 12/03/2014 SJ Web Edition
    Info: Processing started: Wed Jan 18 14:16:05 2023
Info: Command: quartus_asm --read_settings_files=off --write_settings_files=off Counter_8bit -c Counter_8bit
Info (115031): Writing out detailed assembly data for power analysis
Info (115030): Assembler is generating device programming files
Info: Quartus II 64-Bit Assembler was successful. 0 errors, 0 warnings
    Info: Peak virtual memory: 4704 megabytes
    Info: Processing ended: Wed Jan 18 14:16:10 2023
    Info: Elapsed time: 00:00:05
    Info: Total CPU time (on all processors): 00:00:04


