Flow report for Counter_8bit
Wed Jan 18 14:16:18 2023
Quartus II 64-Bit Version 14.1.0 Build 186 12/03/2014 SJ Web Edition


---------------------
; Table of Contents ;
---------------------
  1. Legal Notice
  2. Flow Summary
  3. Flow Settings
  4. Flow Non-Default Global Settings
  5. Flow Elapsed Time
  6. Flow OS Summary
  7. Flow Log
  8. Flow Messages
  9. Flow Suppressed Messages



----------------
; Legal Notice ;
----------------
Copyright (C) 1991-2014 Altera Corporation. All rights reserved.
Your use of Altera Corporation's design tools, logic functions 
and other software and tools, and its AMPP partner logic 
functions, and any output files from any of the foregoing 
(including device programming or simulation files), and any 
associated documentation or information are expressly subject 
to the terms and conditions of the Altera Program License 
Subscription Agreement, the Altera Quartus II License Agreement,
the Altera MegaCore Function License Agreement, or other 
applicable license agreement, including, without limitation, 
that your use is for the sole purpose of programming logic 
devices manufactured by Altera and sold by Altera or its 
authorized distributors.  Please refer to the applicable 
agreement for further details.



+---------------------------------------------------------------------------------+
; Flow Summary                                                                    ;
+------------------------------------+--------------------------------------------+
; Flow Status                        ; Successful - Wed Jan 18 14:16:18 2023      ;
; Quartus II 64-Bit Version          ; 14.1.0 Build 186 12/03/2014 SJ Web Edition ;
; Revision Name                      ; Counter_8bit                               ;
; Top-level Entity Name              ; Top_Level                                  ;
; Family                             ; Cyclone IV E                               ;
; Device                             ; EP4CE115F29C7                              ;
; Timing Models                      ; Final                                      ;
; Total logic elements               ; 153 / 114,480 ( < 1 % )                    ;
;     Total combinational functions  ; 146 / 114,480 ( < 1 % )                    ;
;     Dedicated logic registers      ; 81 / 114,480 ( < 1 % )                     ;
; Total registers                    ; 81                                         ;
; Total pins                         ; 63 / 529 ( 12 % )                          ;
; Total virtual pins                 ; 0                                          ;
; Total memory bits                  ; 524,288 / 3,981,312 ( 13 % )               ;
; Embedded Multiplier 9-bit elements ; 0 / 532 ( 0 % )                            ;
; Total PLLs                         ; 0 / 4 ( 0 % )                              ;
+------------------------------------+--------------------------------------------+


+-----------------------------------------+
; Flow Settings                           ;
+-------------------+---------------------+
; Option            ; Setting             ;
+-------------------+---------------------+
; Start date & time ; 01/18/2023 14:15:26 ;
; Main task         ; Compilation         ;
; Revision Name     ; Counter_8bit        ;
+-------------------+---------------------+


+----------------------------------------------------------------------------------------------------------------------+
; Flow Non-Default Global Settings                                                                                     ;
+-------------------------------------+---------------------------------+---------------+-------------+----------------+
; Assignment Name                     ; Value                           ; Default Value ; Entity Name ; Section Id     ;
+-------------------------------------+---------------------------------+---------------+-------------+----------------+
; COMPILER_SIGNATURE_ID               ; 171921336956575.167403152513000 ; --            ; --          ; --             ;
; EDA_OUTPUT_DATA_FORMAT              ; Vhdl                            ; --            ; --          ; eda_simulation ;
; EDA_SIMULATION_TOOL                 ; ModelSim-Altera (VHDL)          ; <None>        ; --          ; --             ;
; MAX_CORE_JUNCTION_TEMP              ; 85                              ; --            ; --          ; --             ;
; MIN_CORE_JUNCTION_TEMP              ; 0                               ; --            ; --          ; --             ;
; MISC_FILE                           ; DRAM_bb.v                       ; --            ; --          ; --             ;
; NOMINAL_CORE_SUPPLY_VOLTAGE         ; 1.2V                            ; --            ; --          ; --             ;
; PARTITION_COLOR                     ; 16764057                        ; --            ; Top_Level   ; Top            ;
; PARTITION_FITTER_PRESERVATION_LEVEL ; PLACEMENT_AND_ROUTING           ; --            ; Top_Level   ; Top            ;
; PARTITION_NETLIST_TYPE              ; SOURCE                          ; --            ; Top_Level   ; Top            ;
; PROJECT_OUTPUT_DIRECTORY            ; output_files                    ; --            ; --          ; --             ;
; TOP_LEVEL_ENTITY                    ; Top_Level                       ; Counter_8bit  ; --          ; --             ;
+-------------------------------------+---------------------------------+---------------+-------------+----------------+


+-------------------------------------------------------------------------------------------------------------------------------+
; Flow Elapsed Time                                                                                                             ;
+---------------------------+--------------+-------------------------+---------------------+------------------------------------+
; Module Name               ; Elapsed Time ; Average Processors Used ; Peak Virtual Memory ; Total CPU Time (on all processors) ;
+---------------------------+--------------+-------------------------+---------------------+------------------------------------+
; Analysis & Synthesis      ; 00:00:12     ; 1.0                     ; 4795 MB             ; 00:00:26                           ;
; Fitter                    ; 00:00:24     ; 1.8                     ; 5762 MB             ; 00:00:37                           ;
; Assembler                 ; 00:00:05     ; 1.0                     ; 4704 MB             ; 00:00:04                           ;
; TimeQuest Timing Analyzer ; 00:00:03     ; 1.0                     ; 4881 MB             ; 00:00:03                           ;
; EDA Netlist Writer        ; 00:00:01     ; 1.0                     ; 4678 MB             ; 00:00:01                           ;
; Total                     ; 00:00:45     ; --                      ; --                  ; 00:01:11                           ;
+---------------------------+--------------+-------------------------+---------------------+------------------------------------+


+----------------------------------------------------------------------------------------+
; Flow OS Summary                                                                        ;
+---------------------------+------------------+-----------+------------+----------------+
; Module Name               ; Machine Hostname ; OS Name   ; OS Version ; Processor type ;
+---------------------------+------------------+-----------+------------+----------------+
; Analysis & Synthesis      ; DESKTOP-C5FHC0L  ; Windows 7 ; 6.2        ; x86_64         ;
; Fitter                    ; DESKTOP-C5FHC0L  ; Windows 7 ; 6.2        ; x86_64         ;
; Assembler                 ; DESKTOP-C5FHC0L  ; Windows 7 ; 6.2        ; x86_64         ;
; TimeQuest Timing Analyzer ; DESKTOP-C5FHC0L  ; Windows 7 ; 6.2        ; x86_64         ;
; EDA Netlist Writer        ; DESKTOP-C5FHC0L  ; Windows 7 ; 6.2        ; x86_64         ;
+---------------------------+------------------+-----------+------------+----------------+


------------
; Flow Log ;
------------
quartus_map --read_settings_files=on --write_settings_files=off Counter_8bit -c Counter_8bit
quartus_fit --read_settings_files=off --write_settings_files=off Counter_8bit -c Counter_8bit
quartus_asm --read_settings_files=off --write_settings_files=off Counter_8bit -c Counter_8bit
quartus_sta Counter_8bit -c Counter_8bit
quartus_eda --read_settings_files=off --write_settings_files=off Counter_8bit -c Counter_8bit



