Analysis & Synthesis report for Counter_8bit
Wed Jan 18 11:21:20 2023
Quartus II 64-Bit Version 14.1.0 Build 186 12/03/2014 SJ Web Edition


---------------------
; Table of Contents ;
---------------------
  1. Legal Notice
  2. Analysis & Synthesis Summary
  3. Analysis & Synthesis Settings
  4. Parallel Compilation
  5. Analysis & Synthesis Source Files Read
  6. Analysis & Synthesis Resource Usage Summary
  7. Analysis & Synthesis Resource Utilization by Entity
  8. Analysis & Synthesis RAM Summary
  9. Analysis & Synthesis IP Cores Summary
 10. State Machine - |Top_Level|Transmitter:Transmitter|state
 11. Registers Removed During Synthesis
 12. General Register Statistics
 13. Inverted Register Statistics
 14. Multiplexer Restructuring Statistics (Restructuring Performed)
 15. Source assignments for DRAM:DRAM|altsyncram:altsyncram_component|altsyncram_djf1:auto_generated
 16. Parameter Settings for User Entity Instance: DRAM:DRAM|altsyncram:altsyncram_component
 17. Parameter Settings for User Entity Instance: Baud_Rate:Baud_Rate
 18. Parameter Settings for User Entity Instance: Transmitter:Transmitter
 19. altsyncram Parameter Settings by Entity Instance
 20. Post-Synthesis Netlist Statistics for Top Partition
 21. Elapsed Time Per Partition
 22. Analysis & Synthesis Messages



----------------
; Legal Notice ;
----------------
Copyright (C) 1991-2014 Altera Corporation. All rights reserved.
Your use of Altera Corporation's design tools, logic functions 
and other software and tools, and its AMPP partner logic 
functions, and any output files from any of the foregoing 
(including device programming or simulation files), and any 
associated documentation or information are expressly subject 
to the terms and conditions of the Altera Program License 
Subscription Agreement, the Altera Quartus II License Agreement,
the Altera MegaCore Function License Agreement, or other 
applicable license agreement, including, without limitation, 
that your use is for the sole purpose of programming logic 
devices manufactured by Altera and sold by Altera or its 
authorized distributors.  Please refer to the applicable 
agreement for further details.



+---------------------------------------------------------------------------------+
; Analysis & Synthesis Summary                                                    ;
+------------------------------------+--------------------------------------------+
; Analysis & Synthesis Status        ; Successful - Wed Jan 18 11:21:20 2023      ;
; Quartus II 64-Bit Version          ; 14.1.0 Build 186 12/03/2014 SJ Web Edition ;
; Revision Name                      ; Counter_8bit                               ;
; Top-level Entity Name              ; Top_Level                                  ;
; Family                             ; Cyclone IV E                               ;
; Total logic elements               ; 149                                        ;
;     Total combinational functions  ; 143                                        ;
;     Dedicated logic registers      ; 72                                         ;
; Total registers                    ; 72                                         ;
; Total pins                         ; 56                                         ;
; Total virtual pins                 ; 0                                          ;
; Total memory bits                  ; 524,288                                    ;
; Embedded Multiplier 9-bit elements ; 0                                          ;
; Total PLLs                         ; 0                                          ;
+------------------------------------+--------------------------------------------+


+----------------------------------------------------------------------------------------------------------------------+
; Analysis & Synthesis Settings                                                                                        ;
+----------------------------------------------------------------------------+--------------------+--------------------+
; Option                                                                     ; Setting            ; Default Value      ;
+----------------------------------------------------------------------------+--------------------+--------------------+
; Device                                                                     ; EP4CE115F29C7      ;                    ;
; Top-level entity name                                                      ; Top_Level          ; Counter_8bit       ;
; Family name                                                                ; Cyclone IV E       ; Cyclone IV GX      ;
; Use smart compilation                                                      ; Off                ; Off                ;
; Enable parallel Assembler and TimeQuest Timing Analyzer during compilation ; On                 ; On                 ;
; Enable compact report table                                                ; Off                ; Off                ;
; Restructure Multiplexers                                                   ; Auto               ; Auto               ;
; Create Debugging Nodes for IP Cores                                        ; Off                ; Off                ;
; Preserve fewer node names                                                  ; On                 ; On                 ;
; Disable OpenCore Plus hardware evaluation                                  ; Off                ; Off                ;
; Verilog Version                                                            ; Verilog_2001       ; Verilog_2001       ;
; VHDL Version                                                               ; VHDL_1993          ; VHDL_1993          ;
; State Machine Processing                                                   ; Auto               ; Auto               ;
; Safe State Machine                                                         ; Off                ; Off                ;
; Extract Verilog State Machines                                             ; On                 ; On                 ;
; Extract VHDL State Machines                                                ; On                 ; On                 ;
; Ignore Verilog initial constructs                                          ; Off                ; Off                ;
; Iteration limit for constant Verilog loops                                 ; 5000               ; 5000               ;
; Iteration limit for non-constant Verilog loops                             ; 250                ; 250                ;
; Add Pass-Through Logic to Inferred RAMs                                    ; On                 ; On                 ;
; Infer RAMs from Raw Logic                                                  ; On                 ; On                 ;
; Parallel Synthesis                                                         ; On                 ; On                 ;
; DSP Block Balancing                                                        ; Auto               ; Auto               ;
; NOT Gate Push-Back                                                         ; On                 ; On                 ;
; Power-Up Don't Care                                                        ; On                 ; On                 ;
; Remove Redundant Logic Cells                                               ; Off                ; Off                ;
; Remove Duplicate Registers                                                 ; On                 ; On                 ;
; Ignore CARRY Buffers                                                       ; Off                ; Off                ;
; Ignore CASCADE Buffers                                                     ; Off                ; Off                ;
; Ignore GLOBAL Buffers                                                      ; Off                ; Off                ;
; Ignore ROW GLOBAL Buffers                                                  ; Off                ; Off                ;
; Ignore LCELL Buffers                                                       ; Off                ; Off                ;
; Ignore SOFT Buffers                                                        ; On                 ; On                 ;
; Limit AHDL Integers to 32 Bits                                             ; Off                ; Off                ;
; Optimization Technique                                                     ; Balanced           ; Balanced           ;
; Carry Chain Length                                                         ; 70                 ; 70                 ;
; Auto Carry Chains                                                          ; On                 ; On                 ;
; Auto Open-Drain Pins                                                       ; On                 ; On                 ;
; Perform WYSIWYG Primitive Resynthesis                                      ; Off                ; Off                ;
; Auto ROM Replacement                                                       ; On                 ; On                 ;
; Auto RAM Replacement                                                       ; On                 ; On                 ;
; Auto DSP Block Replacement                                                 ; On                 ; On                 ;
; Auto Shift Register Replacement                                            ; Auto               ; Auto               ;
; Allow Shift Register Merging across Hierarchies                            ; Auto               ; Auto               ;
; Auto Clock Enable Replacement                                              ; On                 ; On                 ;
; Strict RAM Replacement                                                     ; Off                ; Off                ;
; Allow Synchronous Control Signals                                          ; On                 ; On                 ;
; Force Use of Synchronous Clear Signals                                     ; Off                ; Off                ;
; Auto RAM Block Balancing                                                   ; On                 ; On                 ;
; Auto RAM to Logic Cell Conversion                                          ; Off                ; Off                ;
; Auto Resource Sharing                                                      ; Off                ; Off                ;
; Allow Any RAM Size For Recognition                                         ; Off                ; Off                ;
; Allow Any ROM Size For Recognition                                         ; Off                ; Off                ;
; Allow Any Shift Register Size For Recognition                              ; Off                ; Off                ;
; Use LogicLock Constraints during Resource Balancing                        ; On                 ; On                 ;
; Ignore translate_off and synthesis_off directives                          ; Off                ; Off                ;
; Timing-Driven Synthesis                                                    ; On                 ; On                 ;
; Report Parameter Settings                                                  ; On                 ; On                 ;
; Report Source Assignments                                                  ; On                 ; On                 ;
; Report Connectivity Checks                                                 ; On                 ; On                 ;
; Ignore Maximum Fan-Out Assignments                                         ; Off                ; Off                ;
; Synchronization Register Chain Length                                      ; 2                  ; 2                  ;
; PowerPlay Power Optimization During Synthesis                              ; Normal compilation ; Normal compilation ;
; HDL message level                                                          ; Level2             ; Level2             ;
; Suppress Register Optimization Related Messages                            ; Off                ; Off                ;
; Number of Removed Registers Reported in Synthesis Report                   ; 5000               ; 5000               ;
; Number of Swept Nodes Reported in Synthesis Report                         ; 5000               ; 5000               ;
; Number of Inverted Registers Reported in Synthesis Report                  ; 100                ; 100                ;
; Clock MUX Protection                                                       ; On                 ; On                 ;
; Auto Gated Clock Conversion                                                ; Off                ; Off                ;
; Block Design Naming                                                        ; Auto               ; Auto               ;
; SDC constraint protection                                                  ; Off                ; Off                ;
; Synthesis Effort                                                           ; Auto               ; Auto               ;
; Shift Register Replacement - Allow Asynchronous Clear Signal               ; On                 ; On                 ;
; Pre-Mapping Resynthesis Optimization                                       ; Off                ; Off                ;
; Analysis & Synthesis Message Level                                         ; Medium             ; Medium             ;
; Disable Register Merging Across Hierarchies                                ; Auto               ; Auto               ;
; Resource Aware Inference For Block RAM                                     ; On                 ; On                 ;
; Synthesis Seed                                                             ; 1                  ; 1                  ;
+----------------------------------------------------------------------------+--------------------+--------------------+


+------------------------------------------+
; Parallel Compilation                     ;
+----------------------------+-------------+
; Processors                 ; Number      ;
+----------------------------+-------------+
; Number detected on machine ; 8           ;
; Maximum allowed            ; 4           ;
;                            ;             ;
; Average used               ; 1.00        ;
; Maximum used               ; 2           ;
;                            ;             ;
; Usage by Processor         ; % Time Used ;
;     Processor 1            ; 100.0%      ;
;     Processor 2            ; < 0.1%      ;
;     Processors 3-8         ;   0.0%      ;
+----------------------------+-------------+


+---------------------------------------------------------------------------------------------------------------------------------------------------------------------+
; Analysis & Synthesis Source Files Read                                                                                                                              ;
+----------------------------------+-----------------+------------------------------+-----------------------------------------------------------------------+---------+
; File Name with User-Entered Path ; Used in Netlist ; File Type                    ; File Name with Absolute Path                                          ; Library ;
+----------------------------------+-----------------+------------------------------+-----------------------------------------------------------------------+---------+
; Top_Level.v                      ; yes             ; User Verilog HDL File        ; C:/Users/Anjana/Desktop/Counter with 8bit DRAM/Top_Level.v            ;         ;
; Slow_Clock.v                     ; yes             ; User Verilog HDL File        ; C:/Users/Anjana/Desktop/Counter with 8bit DRAM/Slow_Clock.v           ;         ;
; Counter_8bit.v                   ; yes             ; User Verilog HDL File        ; C:/Users/Anjana/Desktop/Counter with 8bit DRAM/Counter_8bit.v         ;         ;
; Transmitter.v                    ; yes             ; User Verilog HDL File        ; C:/Users/Anjana/Desktop/Counter with 8bit DRAM/Transmitter.v          ;         ;
; Baud_Rate.v                      ; yes             ; User Verilog HDL File        ; C:/Users/Anjana/Desktop/Counter with 8bit DRAM/Baud_Rate.v            ;         ;
; DRAM.v                           ; yes             ; User Wizard-Generated File   ; C:/Users/Anjana/Desktop/Counter with 8bit DRAM/DRAM.v                 ;         ;
; altsyncram.tdf                   ; yes             ; Megafunction                 ; c:/altera/14.1/quartus/libraries/megafunctions/altsyncram.tdf         ;         ;
; stratix_ram_block.inc            ; yes             ; Megafunction                 ; c:/altera/14.1/quartus/libraries/megafunctions/stratix_ram_block.inc  ;         ;
; lpm_mux.inc                      ; yes             ; Megafunction                 ; c:/altera/14.1/quartus/libraries/megafunctions/lpm_mux.inc            ;         ;
; lpm_decode.inc                   ; yes             ; Megafunction                 ; c:/altera/14.1/quartus/libraries/megafunctions/lpm_decode.inc         ;         ;
; aglobal141.inc                   ; yes             ; Megafunction                 ; c:/altera/14.1/quartus/libraries/megafunctions/aglobal141.inc         ;         ;
; a_rdenreg.inc                    ; yes             ; Megafunction                 ; c:/altera/14.1/quartus/libraries/megafunctions/a_rdenreg.inc          ;         ;
; altrom.inc                       ; yes             ; Megafunction                 ; c:/altera/14.1/quartus/libraries/megafunctions/altrom.inc             ;         ;
; altram.inc                       ; yes             ; Megafunction                 ; c:/altera/14.1/quartus/libraries/megafunctions/altram.inc             ;         ;
; altdpram.inc                     ; yes             ; Megafunction                 ; c:/altera/14.1/quartus/libraries/megafunctions/altdpram.inc           ;         ;
; db/altsyncram_djf1.tdf           ; yes             ; Auto-Generated Megafunction  ; C:/Users/Anjana/Desktop/Counter with 8bit DRAM/db/altsyncram_djf1.tdf ;         ;
; db/decode_rsa.tdf                ; yes             ; Auto-Generated Megafunction  ; C:/Users/Anjana/Desktop/Counter with 8bit DRAM/db/decode_rsa.tdf      ;         ;
; db/decode_k8a.tdf                ; yes             ; Auto-Generated Megafunction  ; C:/Users/Anjana/Desktop/Counter with 8bit DRAM/db/decode_k8a.tdf      ;         ;
; db/mux_bnb.tdf                   ; yes             ; Auto-Generated Megafunction  ; C:/Users/Anjana/Desktop/Counter with 8bit DRAM/db/mux_bnb.tdf         ;         ;
+----------------------------------+-----------------+------------------------------+-----------------------------------------------------------------------+---------+


+------------------------------------------------------------+
; Analysis & Synthesis Resource Usage Summary                ;
+---------------------------------------------+--------------+
; Resource                                    ; Usage        ;
+---------------------------------------------+--------------+
; Estimated Total logic elements              ; 149          ;
;                                             ;              ;
; Total combinational functions               ; 143          ;
; Logic element usage by number of LUT inputs ;              ;
;     -- 4 input functions                    ; 68           ;
;     -- 3 input functions                    ; 25           ;
;     -- <=2 input functions                  ; 50           ;
;                                             ;              ;
; Logic elements by mode                      ;              ;
;     -- normal mode                          ; 100          ;
;     -- arithmetic mode                      ; 43           ;
;                                             ;              ;
; Total registers                             ; 72           ;
;     -- Dedicated logic registers            ; 72           ;
;     -- I/O registers                        ; 0            ;
;                                             ;              ;
; I/O pins                                    ; 56           ;
; Total memory bits                           ; 524288       ;
;                                             ;              ;
; Embedded Multiplier 9-bit elements          ; 0            ;
;                                             ;              ;
; Maximum fan-out node                        ; clk_in~input ;
; Maximum fan-out                             ; 137          ;
; Total fan-out                               ; 1848         ;
; Average fan-out                             ; 4.73         ;
+---------------------------------------------+--------------+


+-----------------------------------------------------------------------------------------------------------------------------------------------------------------------------------------------------------------------------------------------------------------------------------+
; Analysis & Synthesis Resource Utilization by Entity                                                                                                                                                                                                                               ;
+-------------------------------------------+-------------------+--------------+-------------+--------------+---------+-----------+------+--------------+------------------------------------------------------------------------------------------------------------+--------------+
; Compilation Hierarchy Node                ; LC Combinationals ; LC Registers ; Memory Bits ; DSP Elements ; DSP 9x9 ; DSP 18x18 ; Pins ; Virtual Pins ; Full Hierarchy Name                                                                                        ; Library Name ;
+-------------------------------------------+-------------------+--------------+-------------+--------------+---------+-----------+------+--------------+------------------------------------------------------------------------------------------------------------+--------------+
; |Top_Level                                ; 143 (0)           ; 72 (0)       ; 524288      ; 0            ; 0       ; 0         ; 56   ; 0            ; |Top_Level                                                                                                 ; work         ;
;    |Baud_Rate:Baud_Rate|                  ; 19 (19)           ; 9 (9)        ; 0           ; 0            ; 0       ; 0         ; 0    ; 0            ; |Top_Level|Baud_Rate:Baud_Rate                                                                             ; work         ;
;    |Counter_8bit:Counter_8bit|            ; 28 (28)           ; 25 (25)      ; 0           ; 0            ; 0       ; 0         ; 0    ; 0            ; |Top_Level|Counter_8bit:Counter_8bit                                                                       ; work         ;
;    |DRAM:DRAM|                            ; 56 (0)            ; 6 (0)        ; 524288      ; 0            ; 0       ; 0         ; 0    ; 0            ; |Top_Level|DRAM:DRAM                                                                                       ; work         ;
;       |altsyncram:altsyncram_component|   ; 56 (0)            ; 6 (0)        ; 524288      ; 0            ; 0       ; 0         ; 0    ; 0            ; |Top_Level|DRAM:DRAM|altsyncram:altsyncram_component                                                       ; work         ;
;          |altsyncram_djf1:auto_generated| ; 56 (0)            ; 6 (6)        ; 524288      ; 0            ; 0       ; 0         ; 0    ; 0            ; |Top_Level|DRAM:DRAM|altsyncram:altsyncram_component|altsyncram_djf1:auto_generated                        ; work         ;
;             |decode_k8a:rden_decode|      ; 6 (6)             ; 0 (0)        ; 0           ; 0            ; 0       ; 0         ; 0    ; 0            ; |Top_Level|DRAM:DRAM|altsyncram:altsyncram_component|altsyncram_djf1:auto_generated|decode_k8a:rden_decode ; work         ;
;             |decode_rsa:decode3|          ; 10 (10)           ; 0 (0)        ; 0           ; 0            ; 0       ; 0         ; 0    ; 0            ; |Top_Level|DRAM:DRAM|altsyncram:altsyncram_component|altsyncram_djf1:auto_generated|decode_rsa:decode3     ; work         ;
;             |mux_bnb:mux2|                ; 40 (40)           ; 0 (0)        ; 0           ; 0            ; 0       ; 0         ; 0    ; 0            ; |Top_Level|DRAM:DRAM|altsyncram:altsyncram_component|altsyncram_djf1:auto_generated|mux_bnb:mux2           ; work         ;
;    |Transmitter:Transmitter|              ; 40 (40)           ; 32 (32)      ; 0           ; 0            ; 0       ; 0         ; 0    ; 0            ; |Top_Level|Transmitter:Transmitter                                                                         ; work         ;
+-------------------------------------------+-------------------+--------------+-------------+--------------+---------+-----------+------+--------------+------------------------------------------------------------------------------------------------------------+--------------+
Note: For table entries with two numbers listed, the numbers in parentheses indicate the number of resources of the given type used by the specific entity alone. The numbers listed outside of parentheses indicate the total resources of the given type used by the specific entity and all of its sub-entities in the hierarchy.


+--------------------------------------------------------------------------------------------------------------------------------------------------------------------------------------+
; Analysis & Synthesis RAM Summary                                                                                                                                                     ;
+-------------------------------------------------------------------------------------+------+-------------+--------------+--------------+--------------+--------------+--------+------+
; Name                                                                                ; Type ; Mode        ; Port A Depth ; Port A Width ; Port B Depth ; Port B Width ; Size   ; MIF  ;
+-------------------------------------------------------------------------------------+------+-------------+--------------+--------------+--------------+--------------+--------+------+
; DRAM:DRAM|altsyncram:altsyncram_component|altsyncram_djf1:auto_generated|ALTSYNCRAM ; AUTO ; Single Port ; 65536        ; 8            ; --           ; --           ; 524288 ; None ;
+-------------------------------------------------------------------------------------+------+-------------+--------------+--------------+--------------+--------------+--------+------+


+--------------------------------------------------------------------------------------------------------+
; Analysis & Synthesis IP Cores Summary                                                                  ;
+--------+--------------+---------+--------------+--------------+----------------------+-----------------+
; Vendor ; IP Core Name ; Version ; Release Date ; License Type ; Entity Instance      ; IP Include File ;
+--------+--------------+---------+--------------+--------------+----------------------+-----------------+
; Altera ; RAM: 1-PORT  ; 14.1    ; N/A          ; N/A          ; |Top_Level|DRAM:DRAM ; DRAM.v          ;
+--------+--------------+---------+--------------+--------------+----------------------+-----------------+


Encoding Type:  One-Hot
+---------------------------------------------------------------------------------------------------------------+
; State Machine - |Top_Level|Transmitter:Transmitter|state                                                      ;
+----------------------+---------------------+---------------------+----------------------+---------------------+
; Name                 ; state.TX_STATE_STOP ; state.TX_STATE_DATA ; state.TX_STATE_START ; state.TX_STATE_IDLE ;
+----------------------+---------------------+---------------------+----------------------+---------------------+
; state.TX_STATE_IDLE  ; 0                   ; 0                   ; 0                    ; 0                   ;
; state.TX_STATE_START ; 0                   ; 0                   ; 1                    ; 1                   ;
; state.TX_STATE_DATA  ; 0                   ; 1                   ; 0                    ; 1                   ;
; state.TX_STATE_STOP  ; 1                   ; 0                   ; 0                    ; 1                   ;
+----------------------+---------------------+---------------------+----------------------+---------------------+


+------------------------------------------------------------+
; Registers Removed During Synthesis                         ;
+---------------------------------------+--------------------+
; Register name                         ; Reason for Removal ;
+---------------------------------------+--------------------+
; Transmitter:Transmitter|state~3       ; Lost fanout        ;
; Transmitter:Transmitter|state~4       ; Lost fanout        ;
; Total Number of Removed Registers = 2 ;                    ;
+---------------------------------------+--------------------+


+------------------------------------------------------+
; General Register Statistics                          ;
+----------------------------------------------+-------+
; Statistic                                    ; Value ;
+----------------------------------------------+-------+
; Total registers                              ; 72    ;
; Number of registers using Synchronous Clear  ; 0     ;
; Number of registers using Synchronous Load   ; 16    ;
; Number of registers using Asynchronous Clear ; 0     ;
; Number of registers using Asynchronous Load  ; 0     ;
; Number of registers using Clock Enable       ; 30    ;
; Number of registers using Preset             ; 0     ;
+----------------------------------------------+-------+


+--------------------------------------------------+
; Inverted Register Statistics                     ;
+----------------------------------------+---------+
; Inverted Register                      ; Fan out ;
+----------------------------------------+---------+
; Counter_8bit:Counter_8bit|wren_reg     ; 12      ;
; Transmitter:Transmitter|Tx             ; 2       ;
; Total number of inverted registers = 2 ;         ;
+----------------------------------------+---------+


+-------------------------------------------------------------------------------------------------------------------------------------------------------------+
; Multiplexer Restructuring Statistics (Restructuring Performed)                                                                                              ;
+--------------------+-----------+---------------+----------------------+------------------------+------------+-----------------------------------------------+
; Multiplexer Inputs ; Bus Width ; Baseline Area ; Area if Restructured ; Saving if Restructured ; Registered ; Example Multiplexer Output                    ;
+--------------------+-----------+---------------+----------------------+------------------------+------------+-----------------------------------------------+
; 6:1                ; 3 bits    ; 12 LEs        ; 3 LEs                ; 9 LEs                  ; Yes        ; |Top_Level|Transmitter:Transmitter|bit_pos[2] ;
; 7:1                ; 2 bits    ; 8 LEs         ; 4 LEs                ; 4 LEs                  ; No         ; |Top_Level|Transmitter:Transmitter|Selector3  ;
; 9:1                ; 2 bits    ; 12 LEs        ; 4 LEs                ; 8 LEs                  ; No         ; |Top_Level|Transmitter:Transmitter|Selector2  ;
+--------------------+-----------+---------------+----------------------+------------------------+------------+-----------------------------------------------+


+-------------------------------------------------------------------------------------------------+
; Source assignments for DRAM:DRAM|altsyncram:altsyncram_component|altsyncram_djf1:auto_generated ;
+---------------------------------+--------------------+------+-----------------------------------+
; Assignment                      ; Value              ; From ; To                                ;
+---------------------------------+--------------------+------+-----------------------------------+
; OPTIMIZE_POWER_DURING_SYNTHESIS ; NORMAL_COMPILATION ; -    ; -                                 ;
+---------------------------------+--------------------+------+-----------------------------------+


+----------------------------------------------------------------------------------------+
; Parameter Settings for User Entity Instance: DRAM:DRAM|altsyncram:altsyncram_component ;
+------------------------------------+----------------------+----------------------------+
; Parameter Name                     ; Value                ; Type                       ;
+------------------------------------+----------------------+----------------------------+
; BYTE_SIZE_BLOCK                    ; 8                    ; Untyped                    ;
; AUTO_CARRY_CHAINS                  ; ON                   ; AUTO_CARRY                 ;
; IGNORE_CARRY_BUFFERS               ; OFF                  ; IGNORE_CARRY               ;
; AUTO_CASCADE_CHAINS                ; ON                   ; AUTO_CASCADE               ;
; IGNORE_CASCADE_BUFFERS             ; OFF                  ; IGNORE_CASCADE             ;
; WIDTH_BYTEENA                      ; 1                    ; Untyped                    ;
; OPERATION_MODE                     ; SINGLE_PORT          ; Untyped                    ;
; WIDTH_A                            ; 8                    ; Signed Integer             ;
; WIDTHAD_A                          ; 16                   ; Signed Integer             ;
; NUMWORDS_A                         ; 65536                ; Signed Integer             ;
; OUTDATA_REG_A                      ; CLOCK0               ; Untyped                    ;
; ADDRESS_ACLR_A                     ; NONE                 ; Untyped                    ;
; OUTDATA_ACLR_A                     ; NONE                 ; Untyped                    ;
; WRCONTROL_ACLR_A                   ; NONE                 ; Untyped                    ;
; INDATA_ACLR_A                      ; NONE                 ; Untyped                    ;
; BYTEENA_ACLR_A                     ; NONE                 ; Untyped                    ;
; WIDTH_B                            ; 1                    ; Untyped                    ;
; WIDTHAD_B                          ; 1                    ; Untyped                    ;
; NUMWORDS_B                         ; 1                    ; Untyped                    ;
; INDATA_REG_B                       ; CLOCK1               ; Untyped                    ;
; WRCONTROL_WRADDRESS_REG_B          ; CLOCK1               ; Untyped                    ;
; RDCONTROL_REG_B                    ; CLOCK1               ; Untyped                    ;
; ADDRESS_REG_B                      ; CLOCK1               ; Untyped                    ;
; OUTDATA_REG_B                      ; UNREGISTERED         ; Untyped                    ;
; BYTEENA_REG_B                      ; CLOCK1               ; Untyped                    ;
; INDATA_ACLR_B                      ; NONE                 ; Untyped                    ;
; WRCONTROL_ACLR_B                   ; NONE                 ; Untyped                    ;
; ADDRESS_ACLR_B                     ; NONE                 ; Untyped                    ;
; OUTDATA_ACLR_B                     ; NONE                 ; Untyped                    ;
; RDCONTROL_ACLR_B                   ; NONE                 ; Untyped                    ;
; BYTEENA_ACLR_B                     ; NONE                 ; Untyped                    ;
; WIDTH_BYTEENA_A                    ; 1                    ; Signed Integer             ;
; WIDTH_BYTEENA_B                    ; 1                    ; Untyped                    ;
; RAM_BLOCK_TYPE                     ; AUTO                 ; Untyped                    ;
; BYTE_SIZE                          ; 8                    ; Untyped                    ;
; READ_DURING_WRITE_MODE_MIXED_PORTS ; DONT_CARE            ; Untyped                    ;
; READ_DURING_WRITE_MODE_PORT_A      ; NEW_DATA_NO_NBE_READ ; Untyped                    ;
; READ_DURING_WRITE_MODE_PORT_B      ; NEW_DATA_NO_NBE_READ ; Untyped                    ;
; INIT_FILE                          ; UNUSED               ; Untyped                    ;
; INIT_FILE_LAYOUT                   ; PORT_A               ; Untyped                    ;
; MAXIMUM_DEPTH                      ; 0                    ; Untyped                    ;
; CLOCK_ENABLE_INPUT_A               ; BYPASS               ; Untyped                    ;
; CLOCK_ENABLE_INPUT_B               ; NORMAL               ; Untyped                    ;
; CLOCK_ENABLE_OUTPUT_A              ; BYPASS               ; Untyped                    ;
; CLOCK_ENABLE_OUTPUT_B              ; NORMAL               ; Untyped                    ;
; CLOCK_ENABLE_CORE_A                ; USE_INPUT_CLKEN      ; Untyped                    ;
; CLOCK_ENABLE_CORE_B                ; USE_INPUT_CLKEN      ; Untyped                    ;
; ENABLE_ECC                         ; FALSE                ; Untyped                    ;
; ECC_PIPELINE_STAGE_ENABLED         ; FALSE                ; Untyped                    ;
; WIDTH_ECCSTATUS                    ; 3                    ; Untyped                    ;
; DEVICE_FAMILY                      ; Cyclone IV E         ; Untyped                    ;
; CBXI_PARAMETER                     ; altsyncram_djf1      ; Untyped                    ;
+------------------------------------+----------------------+----------------------------+
Note: In order to hide this table in the UI and the text report file, please set the "Show Parameter Settings in Synthesis Report" option in "Analysis and Synthesis Settings -> More Settings" to "Off".


+------------------------------------------------------------------+
; Parameter Settings for User Entity Instance: Baud_Rate:Baud_Rate ;
+----------------+-------+-----------------------------------------+
; Parameter Name ; Value ; Type                                    ;
+----------------+-------+-----------------------------------------+
; TX_ACC_MAX     ; 434   ; Signed Integer                          ;
; TX_ACC_WIDTH   ; 9     ; Signed Integer                          ;
+----------------+-------+-----------------------------------------+
Note: In order to hide this table in the UI and the text report file, please set the "Show Parameter Settings in Synthesis Report" option in "Analysis and Synthesis Settings -> More Settings" to "Off".


+----------------------------------------------------------------------+
; Parameter Settings for User Entity Instance: Transmitter:Transmitter ;
+----------------+-------+---------------------------------------------+
; Parameter Name ; Value ; Type                                        ;
+----------------+-------+---------------------------------------------+
; TX_STATE_IDLE  ; 00    ; Unsigned Binary                             ;
; TX_STATE_START ; 01    ; Unsigned Binary                             ;
; TX_STATE_DATA  ; 10    ; Unsigned Binary                             ;
; TX_STATE_STOP  ; 11    ; Unsigned Binary                             ;
+----------------+-------+---------------------------------------------+
Note: In order to hide this table in the UI and the text report file, please set the "Show Parameter Settings in Synthesis Report" option in "Analysis and Synthesis Settings -> More Settings" to "Off".


+---------------------------------------------------------------------------------------+
; altsyncram Parameter Settings by Entity Instance                                      ;
+-------------------------------------------+-------------------------------------------+
; Name                                      ; Value                                     ;
+-------------------------------------------+-------------------------------------------+
; Number of entity instances                ; 1                                         ;
; Entity Instance                           ; DRAM:DRAM|altsyncram:altsyncram_component ;
;     -- OPERATION_MODE                     ; SINGLE_PORT                               ;
;     -- WIDTH_A                            ; 8                                         ;
;     -- NUMWORDS_A                         ; 65536                                     ;
;     -- OUTDATA_REG_A                      ; CLOCK0                                    ;
;     -- WIDTH_B                            ; 1                                         ;
;     -- NUMWORDS_B                         ; 1                                         ;
;     -- ADDRESS_REG_B                      ; CLOCK1                                    ;
;     -- OUTDATA_REG_B                      ; UNREGISTERED                              ;
;     -- RAM_BLOCK_TYPE                     ; AUTO                                      ;
;     -- READ_DURING_WRITE_MODE_MIXED_PORTS ; DONT_CARE                                 ;
+-------------------------------------------+-------------------------------------------+


+-----------------------------------------------------+
; Post-Synthesis Netlist Statistics for Top Partition ;
+-----------------------+-----------------------------+
; Type                  ; Count                       ;
+-----------------------+-----------------------------+
; boundary_port         ; 56                          ;
; cycloneiii_ff         ; 72                          ;
;     ENA               ; 30                          ;
;     SLD               ; 16                          ;
;     plain             ; 26                          ;
; cycloneiii_lcell_comb ; 147                         ;
;     arith             ; 43                          ;
;         2 data inputs ; 41                          ;
;         3 data inputs ; 2                           ;
;     normal            ; 104                         ;
;         1 data inputs ; 8                           ;
;         2 data inputs ; 5                           ;
;         3 data inputs ; 23                          ;
;         4 data inputs ; 68                          ;
; cycloneiii_ram_block  ; 64                          ;
;                       ;                             ;
; Max LUT depth         ; 5.00                        ;
; Average LUT depth     ; 2.45                        ;
+-----------------------+-----------------------------+


+-------------------------------+
; Elapsed Time Per Partition    ;
+----------------+--------------+
; Partition Name ; Elapsed Time ;
+----------------+--------------+
; Top            ; 00:00:01     ;
+----------------+--------------+


+-------------------------------+
; Analysis & Synthesis Messages ;
+-------------------------------+
Info: *******************************************************************
Info: Running Quartus II 64-Bit Analysis & Synthesis
    Info: Version 14.1.0 Build 186 12/03/2014 SJ Web Edition
    Info: Processing started: Wed Jan 18 11:21:08 2023
Info: Command: quartus_map --read_settings_files=on --write_settings_files=off Counter_8bit -c Counter_8bit
Info (11104): Parallel Compilation has detected 8 hyper-threaded processors. However, the extra hyper-threaded processors will not be used by default. Parallel Compilation will use 4 of the 4 physical processors detected instead.
Info (12021): Found 1 design units, including 1 entities, in source file top_level.v
    Info (12023): Found entity 1: Top_Level
Info (12021): Found 1 design units, including 1 entities, in source file slow_clock.v
    Info (12023): Found entity 1: Slow_Clock
Info (12021): Found 1 design units, including 1 entities, in source file counter_8bit.v
    Info (12023): Found entity 1: Counter_8bit
Info (12021): Found 1 design units, including 1 entities, in source file transmitter.v
    Info (12023): Found entity 1: Transmitter
Info (12021): Found 1 design units, including 1 entities, in source file baud_rate.v
    Info (12023): Found entity 1: Baud_Rate
Info (12021): Found 1 design units, including 1 entities, in source file dram.v
    Info (12023): Found entity 1: DRAM
Info (12127): Elaborating entity "Top_Level" for the top level hierarchy
Info (12128): Elaborating entity "Slow_Clock" for hierarchy "Slow_Clock:Slow_Clock"
Info (12128): Elaborating entity "DRAM" for hierarchy "DRAM:DRAM"
Info (12128): Elaborating entity "altsyncram" for hierarchy "DRAM:DRAM|altsyncram:altsyncram_component"
Info (12130): Elaborated megafunction instantiation "DRAM:DRAM|altsyncram:altsyncram_component"
Info (12133): Instantiated megafunction "DRAM:DRAM|altsyncram:altsyncram_component" with the following parameter:
    Info (12134): Parameter "clock_enable_input_a" = "BYPASS"
    Info (12134): Parameter "clock_enable_output_a" = "BYPASS"
    Info (12134): Parameter "intended_device_family" = "Cyclone IV E"
    Info (12134): Parameter "lpm_hint" = "ENABLE_RUNTIME_MOD=NO"
    Info (12134): Parameter "lpm_type" = "altsyncram"
    Info (12134): Parameter "numwords_a" = "65536"
    Info (12134): Parameter "operation_mode" = "SINGLE_PORT"
    Info (12134): Parameter "outdata_aclr_a" = "NONE"
    Info (12134): Parameter "outdata_reg_a" = "CLOCK0"
    Info (12134): Parameter "power_up_uninitialized" = "FALSE"
    Info (12134): Parameter "read_during_write_mode_port_a" = "NEW_DATA_NO_NBE_READ"
    Info (12134): Parameter "widthad_a" = "16"
    Info (12134): Parameter "width_a" = "8"
    Info (12134): Parameter "width_byteena_a" = "1"
Info (12021): Found 1 design units, including 1 entities, in source file db/altsyncram_djf1.tdf
    Info (12023): Found entity 1: altsyncram_djf1
Info (12128): Elaborating entity "altsyncram_djf1" for hierarchy "DRAM:DRAM|altsyncram:altsyncram_component|altsyncram_djf1:auto_generated"
Info (12021): Found 1 design units, including 1 entities, in source file db/decode_rsa.tdf
    Info (12023): Found entity 1: decode_rsa
Info (12128): Elaborating entity "decode_rsa" for hierarchy "DRAM:DRAM|altsyncram:altsyncram_component|altsyncram_djf1:auto_generated|decode_rsa:decode3"
Info (12021): Found 1 design units, including 1 entities, in source file db/decode_k8a.tdf
    Info (12023): Found entity 1: decode_k8a
Info (12128): Elaborating entity "decode_k8a" for hierarchy "DRAM:DRAM|altsyncram:altsyncram_component|altsyncram_djf1:auto_generated|decode_k8a:rden_decode"
Info (12021): Found 1 design units, including 1 entities, in source file db/mux_bnb.tdf
    Info (12023): Found entity 1: mux_bnb
Info (12128): Elaborating entity "mux_bnb" for hierarchy "DRAM:DRAM|altsyncram:altsyncram_component|altsyncram_djf1:auto_generated|mux_bnb:mux2"
Info (12128): Elaborating entity "Counter_8bit" for hierarchy "Counter_8bit:Counter_8bit"
Info (12128): Elaborating entity "Baud_Rate" for hierarchy "Baud_Rate:Baud_Rate"
Info (12128): Elaborating entity "Transmitter" for hierarchy "Transmitter:Transmitter"
Info (286030): Timing-Driven Synthesis is running
Info (17049): 2 registers lost all their fanouts during netlist optimizations.
Info (16010): Generating hard_block partition "hard_block:auto_generated_inst"
    Info (16011): Adding 0 node(s), including 0 DDIO, 0 PLL, 0 transceiver and 0 LCELL
Info (21057): Implemented 277 device resources after synthesis - the final resource count might be different
    Info (21058): Implemented 1 input pins
    Info (21059): Implemented 55 output pins
    Info (21061): Implemented 157 logic cells
    Info (21064): Implemented 64 RAM segments
Info: Quartus II 64-Bit Analysis & Synthesis was successful. 0 errors, 0 warnings
    Info: Peak virtual memory: 4810 megabytes
    Info: Processing ended: Wed Jan 18 11:21:20 2023
    Info: Elapsed time: 00:00:12
    Info: Total CPU time (on all processors): 00:00:26


