EDA Netlist Writer report for Display
Wed May 31 17:56:39 2023
Quartus II 64-Bit Version 14.1.0 Build 186 12/03/2014 SJ Web Edition


---------------------
; Table of Contents ;
---------------------
  1. Legal Notice
  2. EDA Netlist Writer Summary
  3. Simulation Settings
  4. Simulation Generated Files
  5. EDA Netlist Writer Messages



----------------
; Legal Notice ;
----------------
Copyright (C) 1991-2014 Altera Corporation. All rights reserved.
Your use of Altera Corporation's design tools, logic functions 
and other software and tools, and its AMPP partner logic 
functions, and any output files from any of the foregoing 
(including device programming or simulation files), and any 
associated documentation or information are expressly subject 
to the terms and conditions of the Altera Program License 
Subscription Agreement, the Altera Quartus II License Agreement,
the Altera MegaCore Function License Agreement, or other 
applicable license agreement, including, without limitation, 
that your use is for the sole purpose of programming logic 
devices manufactured by Altera and sold by Altera or its 
authorized distributors.  Please refer to the applicable 
agreement for further details.



+-------------------------------------------------------------------+
; EDA Netlist Writer Summary                                        ;
+---------------------------+---------------------------------------+
; EDA Netlist Writer Status ; Successful - Wed May 31 17:56:39 2023 ;
; Revision Name             ; Display                               ;
; Top-level Entity Name     ; Display                               ;
; Family                    ; Cyclone IV E                          ;
; Simulation Files Creation ; Successful                            ;
+---------------------------+---------------------------------------+


+-------------------------------------------------------------------------------------------------------------------------------+
; Simulation Settings                                                                                                           ;
+---------------------------------------------------------------------------------------------------+---------------------------+
; Option                                                                                            ; Setting                   ;
+---------------------------------------------------------------------------------------------------+---------------------------+
; Tool Name                                                                                         ; ModelSim-Altera (Verilog) ;
; Generate netlist for functional simulation only                                                   ; Off                       ;
; Time scale                                                                                        ; 1 ps                      ;
; Truncate long hierarchy paths                                                                     ; Off                       ;
; Map illegal HDL characters                                                                        ; Off                       ;
; Flatten buses into individual nodes                                                               ; Off                       ;
; Maintain hierarchy                                                                                ; Off                       ;
; Bring out device-wide set/reset signals as ports                                                  ; Off                       ;
; Enable glitch filtering                                                                           ; Off                       ;
; Do not write top level VHDL entity                                                                ; Off                       ;
; Disable detection of setup and hold time violations in the input registers of bi-directional pins ; Off                       ;
; Architecture name in VHDL output netlist                                                          ; structure                 ;
; Generate third-party EDA tool command script for RTL functional simulation                        ; Off                       ;
; Generate third-party EDA tool command script for gate-level simulation                            ; Off                       ;
+---------------------------------------------------------------------------------------------------+---------------------------+


+-----------------------------------------------------------------------------------------------------------------------------------------------------------------------+
; Simulation Generated Files                                                                                                                                            ;
+-----------------------------------------------------------------------------------------------------------------------------------------------------------------------+
; Generated Files                                                                                                                                                       ;
+-----------------------------------------------------------------------------------------------------------------------------------------------------------------------+
; C:/Users/Anjana/Desktop/Github_FPGA/FPGA-Implementation-and-interfacing/Altera DE2-115 method/Quartus/LFSR_16bit/simulation/modelsim/Display_7_1200mv_85c_slow.vo     ;
; C:/Users/Anjana/Desktop/Github_FPGA/FPGA-Implementation-and-interfacing/Altera DE2-115 method/Quartus/LFSR_16bit/simulation/modelsim/Display_7_1200mv_0c_slow.vo      ;
; C:/Users/Anjana/Desktop/Github_FPGA/FPGA-Implementation-and-interfacing/Altera DE2-115 method/Quartus/LFSR_16bit/simulation/modelsim/Display_min_1200mv_0c_fast.vo    ;
; C:/Users/Anjana/Desktop/Github_FPGA/FPGA-Implementation-and-interfacing/Altera DE2-115 method/Quartus/LFSR_16bit/simulation/modelsim/Display.vo                       ;
; C:/Users/Anjana/Desktop/Github_FPGA/FPGA-Implementation-and-interfacing/Altera DE2-115 method/Quartus/LFSR_16bit/simulation/modelsim/Display_7_1200mv_85c_v_slow.sdo  ;
; C:/Users/Anjana/Desktop/Github_FPGA/FPGA-Implementation-and-interfacing/Altera DE2-115 method/Quartus/LFSR_16bit/simulation/modelsim/Display_7_1200mv_0c_v_slow.sdo   ;
; C:/Users/Anjana/Desktop/Github_FPGA/FPGA-Implementation-and-interfacing/Altera DE2-115 method/Quartus/LFSR_16bit/simulation/modelsim/Display_min_1200mv_0c_v_fast.sdo ;
; C:/Users/Anjana/Desktop/Github_FPGA/FPGA-Implementation-and-interfacing/Altera DE2-115 method/Quartus/LFSR_16bit/simulation/modelsim/Display_v.sdo                    ;
+-----------------------------------------------------------------------------------------------------------------------------------------------------------------------+


+-----------------------------+
; EDA Netlist Writer Messages ;
+-----------------------------+
Info: *******************************************************************
Info: Running Quartus II 64-Bit EDA Netlist Writer
    Info: Version 14.1.0 Build 186 12/03/2014 SJ Web Edition
    Info: Processing started: Wed May 31 17:56:38 2023
Info: Command: quartus_eda --read_settings_files=off --write_settings_files=off Display -c Display
Warning (125092): Tcl Script File FIFO.qip not found
    Info (125063): set_global_assignment -name QIP_FILE FIFO.qip
Info (204019): Generated file Display_7_1200mv_85c_slow.vo in folder "C:/Users/Anjana/Desktop/Github_FPGA/FPGA-Implementation-and-interfacing/Altera DE2-115 method/Quartus/LFSR_16bit/simulation/modelsim/" for EDA simulation tool
Info (204019): Generated file Display_7_1200mv_0c_slow.vo in folder "C:/Users/Anjana/Desktop/Github_FPGA/FPGA-Implementation-and-interfacing/Altera DE2-115 method/Quartus/LFSR_16bit/simulation/modelsim/" for EDA simulation tool
Info (204019): Generated file Display_min_1200mv_0c_fast.vo in folder "C:/Users/Anjana/Desktop/Github_FPGA/FPGA-Implementation-and-interfacing/Altera DE2-115 method/Quartus/LFSR_16bit/simulation/modelsim/" for EDA simulation tool
Info (204019): Generated file Display.vo in folder "C:/Users/Anjana/Desktop/Github_FPGA/FPGA-Implementation-and-interfacing/Altera DE2-115 method/Quartus/LFSR_16bit/simulation/modelsim/" for EDA simulation tool
Info (204019): Generated file Display_7_1200mv_85c_v_slow.sdo in folder "C:/Users/Anjana/Desktop/Github_FPGA/FPGA-Implementation-and-interfacing/Altera DE2-115 method/Quartus/LFSR_16bit/simulation/modelsim/" for EDA simulation tool
Info (204019): Generated file Display_7_1200mv_0c_v_slow.sdo in folder "C:/Users/Anjana/Desktop/Github_FPGA/FPGA-Implementation-and-interfacing/Altera DE2-115 method/Quartus/LFSR_16bit/simulation/modelsim/" for EDA simulation tool
Info (204019): Generated file Display_min_1200mv_0c_v_fast.sdo in folder "C:/Users/Anjana/Desktop/Github_FPGA/FPGA-Implementation-and-interfacing/Altera DE2-115 method/Quartus/LFSR_16bit/simulation/modelsim/" for EDA simulation tool
Info (204019): Generated file Display_v.sdo in folder "C:/Users/Anjana/Desktop/Github_FPGA/FPGA-Implementation-and-interfacing/Altera DE2-115 method/Quartus/LFSR_16bit/simulation/modelsim/" for EDA simulation tool
Info: Quartus II 64-Bit EDA Netlist Writer was successful. 0 errors, 1 warning
    Info: Peak virtual memory: 4682 megabytes
    Info: Processing ended: Wed May 31 17:56:39 2023
    Info: Elapsed time: 00:00:01
    Info: Total CPU time (on all processors): 00:00:01


